======================================== 
 RME Windows Build Script 
 Started: ˜r. 21.01.2026 20:44:52,98 
======================================== 
[1/3] Configuring CMake... 
-- Running vcpkg install
Detecting compiler hash for triplet x64-windows...
Compiler found: C:/Program Files/Microsoft Visual Studio/2022/Community/VC/Tools/MSVC/14.44.35207/bin/Hostx64/x64/cl.exe
The following packages are already installed:
    asio:x64-windows@1.32.0
  * boost-algorithm:x64-windows@1.89.0
  * boost-align:x64-windows@1.89.0
  * boost-array:x64-windows@1.89.0
    boost-asio[core,deadline-timer,spawn]:x64-windows@1.89.0
  * boost-assert:x64-windows@1.89.0
  * boost-atomic:x64-windows@1.89.0
  * boost-bind:x64-windows@1.89.0
  * boost-chrono:x64-windows@1.89.0
  * boost-cmake:x64-windows@1.89.0
  * boost-concept-check:x64-windows@1.89.0
  * boost-config:x64-windows@1.89.0
  * boost-container:x64-windows@1.89.0
  * boost-container-hash:x64-windows@1.89.0
  * boost-context:x64-windows@1.89.0
  * boost-conversion:x64-windows@1.89.0
  * boost-core:x64-windows@1.89.0
  * boost-date-time:x64-windows@1.89.0
  * boost-describe:x64-windows@1.89.0
  * boost-detail:x64-windows@1.89.0
  * boost-exception:x64-windows@1.89.0
  * boost-function:x64-windows@1.89.0
  * boost-function-types:x64-windows@1.89.0
  * boost-functional:x64-windows@1.89.0
  * boost-fusion:x64-windows@1.89.0
  * boost-headers:x64-windows@1.89.0
  * boost-integer:x64-windows@1.89.0
  * boost-intrusive:x64-windows@1.89.0
  * boost-io:x64-windows@1.89.0
  * boost-iterator:x64-windows@1.89.0
  * boost-lexical-cast:x64-windows@1.89.0
  * boost-move:x64-windows@1.89.0
  * boost-mp11:x64-windows@1.89.0
  * boost-mpl:x64-windows@1.89.0
  * boost-numeric-conversion:x64-windows@1.89.0
  * boost-optional:x64-windows@1.89.0
  * boost-pool:x64-windows@1.89.0
  * boost-predef:x64-windows@1.89.0
  * boost-preprocessor:x64-windows@1.89.0
  * boost-range:x64-windows@1.89.0
  * boost-ratio:x64-windows@1.89.0
  * boost-regex:x64-windows@1.89.0
  * boost-smart-ptr:x64-windows@1.89.0
  * boost-static-assert:x64-windows@1.89.0
  * boost-system:x64-windows@1.89.0
    boost-thread:x64-windows@1.89.0
  * boost-throw-exception:x64-windows@1.89.0
  * boost-tokenizer:x64-windows@1.89.0
  * boost-tuple:x64-windows@1.89.0
  * boost-type-traits:x64-windows@1.89.0
  * boost-typeof:x64-windows@1.89.0
  * boost-uninstall:x64-windows@1.89.0
  * boost-unordered:x64-windows@1.89.0
  * boost-utility:x64-windows@1.89.0
  * boost-variant2:x64-windows@1.89.0
  * boost-winapi:x64-windows@1.89.0
  * bzip2[core,tool]:x64-windows@1.0.8#6
  * egl-registry:x64-windows@2025-05-27
  * expat:x64-windows@2.7.3
    fmt:x64-windows@12.1.0
    freeglut:x64-windows@3.6.0#2
    glad[core,loader]:x64-windows@0.1.36
    libarchive[bzip2,core,crypto,lz4,lzma,xar,zstd]:x64-windows@3.8.4
  * libjpeg-turbo:x64-windows@3.1.3
  * liblzma:x64-windows@5.8.1
  * libpng:x64-windows@1.6.53
  * libwebp[core,libwebpmux,nearlossless,simd,unicode]:x64-windows@1.6.0#2
  * lz4:x64-windows@1.10.0
  * nanosvg:x64-windows@2023-12-29
    nlohmann-json:x64-windows@3.12.0#1
  * opengl:x64-windows@2022-12-04#3
  * opengl-registry:x64-windows@2025-10-23
  * openssl:x64-windows@3.6.0#3
  * pcre2[core,jit,platform-default-features]:x64-windows@10.47
  * tiff[core,jpeg,lzma,zip]:x64-windows@4.7.1
  * vcpkg-boost:x64-windows@2025-03-29
  * vcpkg-cmake:x64-windows@2024-04-23
  * vcpkg-cmake-config:x64-windows@2024-05-23
  * vcpkg-cmake-get-vars:x64-windows@2025-05-29
    wxwidgets[core,debug-support,sound]:x64-windows@3.3.1
  * zlib:x64-windows@1.3.1
  * zstd:x64-windows@1.5.7
asio provides CMake targets:

  # this is heuristically generated, and may not be correct
  find_package(asio CONFIG REQUIRED)
  target_link_libraries(main PRIVATE asio::asio)

asio provides pkg-config modules:

  # A cross-platform C++ library for network and low-level I/O programming that provides developers with a consistent asynchronous model using a modern C++ approach.
  asio

boost-asio provides CMake targets:

  # this is heuristically generated, and may not be correct
  find_package(boost_asio CONFIG REQUIRED)
  target_link_libraries(main PRIVATE Boost::asio)

  find_package(boost_asio_core CONFIG REQUIRED)
  target_link_libraries(main PRIVATE Boost::asio_core)

  find_package(boost_asio_deadline_timer CONFIG REQUIRED)
  target_link_libraries(main PRIVATE Boost::asio_deadline_timer)

  find_package(boost_asio_spawn CONFIG REQUIRED)
  target_link_libraries(main PRIVATE Boost::asio_spawn)

boost-thread provides CMake targets:

  # this is heuristically generated, and may not be correct
  find_package(boost_thread CONFIG REQUIRED)
  target_link_libraries(main PRIVATE Boost::thread)

The package fmt provides CMake targets:

    find_package(fmt CONFIG REQUIRED)
    target_link_libraries(main PRIVATE fmt::fmt)

    # Or use the header-only version
    find_package(fmt CONFIG REQUIRED)
    target_link_libraries(main PRIVATE fmt::fmt-header-only)

freeglut provides CMake targets:

    find_package(FreeGLUT CONFIG REQUIRED)
    target_link_libraries(main PRIVATE $<IF:$<TARGET_EXISTS:FreeGLUT::freeglut>,FreeGLUT::freeglut,FreeGLUT::freeglut_static>)

freeglut is compatible with built-in CMake targets:

    find_package(GLUT REQUIRED)
    target_link_libraries(main PRIVATE GLUT::GLUT)

glad provides CMake targets:

  # this is heuristically generated, and may not be correct
  find_package(glad CONFIG REQUIRED)
  target_link_libraries(main PRIVATE glad::glad)

libarchive is compatible with the CMake Find Module:

  find_package(LibArchive REQUIRED)
  target_link_libraries(main PRIVATE LibArchive::LibArchive) # since CMake 3.17

libarchive provides pkg-config modules:

  # library that can create and read several streaming archive formats
  libarchive

The package nlohmann-json provides CMake targets:

    find_package(nlohmann_json CONFIG REQUIRED)
    target_link_libraries(main PRIVATE nlohmann_json::nlohmann_json)

The package nlohmann-json can be configured to not provide implicit conversions via a custom triplet file:

    set(nlohmann-json_IMPLICIT_CONVERSIONS OFF)

For more information, see the docs here:
    
    https://json.nlohmann.me/api/macros/json_use_implicit_conversions/

The package wxwidgets provides CMake targets:

    find_package(wxWidgets CONFIG REQUIRED)
    target_link_libraries(main PRIVATE wx::core wx::base)

All requested installations completed successfully in: 2.19 ms
-- Running vcpkg install - done
-- Selecting Windows SDK version 10.0.26100.0 to target Windows 10.0.26200.
-- Found nlohmann_json: C:/Users/karol/Documents/GitHub/RME_v2/build/vcpkg_installed/x64-windows/share/nlohmann_json/nlohmann_jsonConfig.cmake (found version "3.12.0")
-- Console window enabled for debugging
-- Configuring done (3.0s)
-- Generating done (0.1s)
-- Build files have been written to: C:/Users/karol/Documents/GitHub/RME_v2/build
[2/3] Building Release... 
Wersja programu MSBuild 17.14.23+b0019275e dla .NET Framework

  1>Checking Build System
  Building Custom Rule C:/Users/karol/Documents/GitHub/RME_v2/CMakeLists.txt
  Trwa skanowanie ÅºrÃ³deÅ‚ pod kÄ…tem zaleÅ¼noÅ›ci moduÅ‚Ã³w...
  complexitem.cpp
  browse_tile_window.cpp
  artprovider.cpp
  brush.cpp
  positionctrl.cpp
  basemap.cpp
  brush_tables.cpp
  common_windows.cpp
  common.cpp
  add_tileset_window.cpp
  application.cpp
  carpet_brush.cpp
  add_item_window.cpp
  action.cpp
  client_version.cpp
  about_window.cpp
C:\Users\karol\Documents\GitHub\RME_v2\source\rendering\canvas\map_canvas.h(23,10): error C1083: Nie moÅ¼na otworzyÄ‡ pliku doÅ‚Ä…cz: 'render_state.h': No such file or directory [C:\Users\karol\Documents\GitHub\RME_v2\build\rme.vcxproj]
C:\Users\karol\Documents\GitHub\RME_v2\source\rendering\canvas\map_canvas.h(23,10): error C1083: Nie moÅ¼na otworzyÄ‡ pliku doÅ‚Ä…cz: 'render_state.h': No such file or directory [C:\Users\karol\Documents\GitHub\RME_v2\build\rme.vcxproj]
  (kompilowanie pliku ÅºrÃ³dÅ‚owego â€../source/common_windows.cppâ€)
  
  (kompilowanie pliku ÅºrÃ³dÅ‚owego â€../source/application.cppâ€)
  
C:\Users\karol\Documents\GitHub\RME_v2\source\rendering\canvas\map_canvas.h(23,10): error C1083: Nie moÅ¼na otworzyÄ‡ pliku doÅ‚Ä…cz: 'render_state.h': No such file or directory [C:\Users\karol\Documents\GitHub\RME_v2\build\rme.vcxproj]
  (kompilowanie pliku ÅºrÃ³dÅ‚owego â€../source/browse_tile_window.cppâ€)
  
C:\Users\karol\Documents\GitHub\RME_v2\source\rendering/canvas/map_canvas.h(23,10): fatal error C1083: Nie moâ”¼â•na otworzyâ”€Ã§ pliku doâ”¼Ã©â”€Å¯cz: 'render_state.h': No such file or directory [C:\Users\karol\Documents\GitHub\RME_v2\build\rme.vcxproj]
C:\Users\karol\Documents\GitHub\RME_v2\source\rendering\canvas\map_canvas.h(23,10): error C1083: Nie moÅ¼na otworzyÄ‡ pliku doÅ‚Ä…cz: 'render_state.h': No such file or directory [C:\Users\karol\Documents\GitHub\RME_v2\build\rme.vcxproj]
  (kompilowanie pliku ÅºrÃ³dÅ‚owego â€../source/about_window.cppâ€)
  
C:\Users\karol\Documents\GitHub\RME_v2\source\rendering/canvas/map_canvas.h(23,10): fatal error C1083: Nie moâ”¼â•na otworzyâ”€Ã§ pliku doâ”¼Ã©â”€Å¯cz: 'render_state.h': No such file or directory [C:\Users\karol\Documents\GitHub\RME_v2\build\rme.vcxproj]
C:\Users\karol\Documents\GitHub\RME_v2\source\rendering\canvas\map_canvas.h(23,10): error C1083: Nie moÅ¼na otworzyÄ‡ pliku doÅ‚Ä…cz: 'render_state.h': No such file or directory [C:\Users\karol\Documents\GitHub\RME_v2\build\rme.vcxproj]
  (kompilowanie pliku ÅºrÃ³dÅ‚owego â€../source/add_item_window.cppâ€)
  
C:\Users\karol\Documents\GitHub\RME_v2\source\rendering/canvas/map_canvas.h(23,10): fatal error C1083: Nie moâ”¼â•na otworzyâ”€Ã§ pliku doâ”¼Ã©â”€Å¯cz: 'render_state.h': No such file or directory [C:\Users\karol\Documents\GitHub\RME_v2\build\rme.vcxproj]
C:\Users\karol\Documents\GitHub\RME_v2\source\rendering\canvas\map_canvas.h(23,10): error C1083: Nie moÅ¼na otworzyÄ‡ pliku doÅ‚Ä…cz: 'render_state.h': No such file or directory [C:\Users\karol\Documents\GitHub\RME_v2\build\rme.vcxproj]
  (kompilowanie pliku ÅºrÃ³dÅ‚owego â€../source/brush.cppâ€)
  
C:\Users\karol\Documents\GitHub\RME_v2\source\rendering\canvas\map_canvas.h(23,10): error C1083: Nie moÅ¼na otworzyÄ‡ pliku doÅ‚Ä…cz: 'render_state.h': No such file or directory [C:\Users\karol\Documents\GitHub\RME_v2\build\rme.vcxproj]
C:\Users\karol\Documents\GitHub\RME_v2\source\rendering\canvas\map_canvas.h(23,10): error C1083: Nie moÅ¼na otworzyÄ‡ pliku doÅ‚Ä…cz: 'render_state.h': No such file or directory [C:\Users\karol\Documents\GitHub\RME_v2\build\rme.vcxproj]
  (kompilowanie pliku ÅºrÃ³dÅ‚owego â€../source/action.cppâ€)
  
  (kompilowanie pliku ÅºrÃ³dÅ‚owego â€../source/add_tileset_window.cppâ€)
  
C:\Users\karol\Documents\GitHub\RME_v2\source\rendering\canvas\map_canvas.h(23,10): error C1083: Nie moÅ¼na otworzyÄ‡ pliku doÅ‚Ä…cz: 'render_state.h': No such file or directory [C:\Users\karol\Documents\GitHub\RME_v2\build\rme.vcxproj]
  (kompilowanie pliku ÅºrÃ³dÅ‚owego â€../source/client_version.cppâ€)
  
C:\Users\karol\Documents\GitHub\RME_v2\source\rendering/canvas/map_canvas.h(23,10): fatal error C1083: Nie moâ”¼â•na otworzyâ”€Ã§ pliku doâ”¼Ã©â”€Å¯cz: 'render_state.h': No such file or directory [C:\Users\karol\Documents\GitHub\RME_v2\build\rme.vcxproj]
C:\Users\karol\Documents\GitHub\RME_v2\source\rendering/canvas/map_canvas.h(23,10): fatal error C1083: Nie moâ”¼â•na otworzyâ”€Ã§ pliku doâ”¼Ã©â”€Å¯cz: 'render_state.h': No such file or directory [C:\Users\karol\Documents\GitHub\RME_v2\build\rme.vcxproj]
C:\Users\karol\Documents\GitHub\RME_v2\source\rendering/canvas/map_canvas.h(23,10): fatal error C1083: Nie moâ”¼â•na otworzyâ”€Ã§ pliku doâ”¼Ã©â”€Å¯cz: 'render_state.h': No such file or directory [C:\Users\karol\Documents\GitHub\RME_v2\build\rme.vcxproj]
C:\Users\karol\Documents\GitHub\RME_v2\source\rendering/canvas/map_canvas.h(23,10): fatal error C1083: Nie moâ”¼â•na otworzyâ”€Ã§ pliku doâ”¼Ã©â”€Å¯cz: 'render_state.h': No such file or directory [C:\Users\karol\Documents\GitHub\RME_v2\build\rme.vcxproj]
C:\Users\karol\Documents\GitHub\RME_v2\source\rendering/canvas/map_canvas.h(23,10): fatal error C1083: Nie moâ”¼â•na otworzyâ”€Ã§ pliku doâ”¼Ã©â”€Å¯cz: 'render_state.h': No such file or directory [C:\Users\karol\Documents\GitHub\RME_v2\build\rme.vcxproj]
C:\Users\karol\Documents\GitHub\RME_v2\source\rendering/canvas/map_canvas.h(23,10): fatal  error C1083: Nie moâ”¼â•na otworzyâ”€Ã§ pliku doâ”¼Ã©â”€Å¯cz: 'render_state.h': No such file or directory [C:\Users\karol\Documents\GitHub\RME_v2\build\rme.vcxproj]
  container_properties_window.cpp
C:\Users\karol\Documents\GitHub\RME_v2\source\rendering/canvas/map_canvas.h(23,10): fatal error C1083: Nie moâ”¼â•na otworzyâ”€Ã§ pliku doâ”¼Ã©â”€Å¯cz: 'render_state.h': No such file or directory [C:\Users\karol\Documents\GitHub\RME_v2\build\rme.vcxproj]
C:\Users\karol\Documents\GitHub\RME_v2\source\rendering\canvas\map_canvas.h(23,10): error C1083: Nie moÅ¼na otworzyÄ‡ pliku doÅ‚Ä…cz: 'render_state.h': No such file or directory [C:\Users\karol\Documents\GitHub\RME_v2\build\rme.vcxproj]
  (kompilowanie pliku ÅºrÃ³dÅ‚owego â€../source/container_properties_window.cppâ€)
  
C:\Program Files\Microsoft Visual Studio\2022\Community\MSBuild\Microsoft\VC\v170\Microsoft.CppCommon.targets(532,5): warning MSB8074: Nie moÅ¼na odczytaÄ‡ pliku zaleÅ¼noÅ›ci moduÅ‚u rme.dir\Release\about_window.cpp.module.json: Oczekiwany element â€rootâ€ z przestrzeni nazw â€â€.. Napotkano â€Noneâ€ o nazwie â€â€, przestrzeÅ„ nazw â€â€.  KolejnoÅ›Ä‡ kompilowania moÅ¼e byÄ‡ niepoprawna. [C:\Users\karol\Documents\GitHub\RME_v2\build\rme.vcxproj]
C:\Program Files\Microsoft Visual Studio\2022\Community\MSBuild\Microsoft\VC\v170\Microsoft.CppCommon.targets(532,5): warning MSB8074: Nie moÅ¼na odczytaÄ‡ pliku zaleÅ¼noÅ›ci moduÅ‚u rme.dir\Release\action.cpp.module.json: Oczekiwany element â€rootâ€ z przestrzeni nazw â€â€.. Napotkano â€Noneâ€ o nazwie â€â€, przestrzeÅ„ nazw â€â€.  KolejnoÅ›Ä‡ kompilowania moÅ¼e byÄ‡ niepoprawna. [C:\Users\karol\Documents\GitHub\RME_v2\build\rme.vcxproj]
C:\Program Files\Microsoft Visual Studio\2022\Community\MSBuild\Microsoft\VC\v170\Microsoft.CppCommon.targets(532,5): warning MSB8074: Nie moÅ¼na odczytaÄ‡ pliku zaleÅ¼noÅ›ci moduÅ‚u rme.dir\Release\add_item_window.cpp.module.json: Oczekiwany element â€rootâ€ z przestrzeni nazw â€â€.. Napotkano â€Noneâ€ o nazwie â€â€, przestrzeÅ„ nazw â€â€.  KolejnoÅ›Ä‡ kompilowania moÅ¼e byÄ‡ niepoprawna. [C:\Users\karol\Documents\GitHub\RME_v2\build\rme.vcxproj]
C:\Program Files\Microsoft Visual Studio\2022\Community\MSBuild\Microsoft\VC\v170\Microsoft.CppCommon.targets(532,5): warning MSB8074: Nie moÅ¼na odczytaÄ‡ pliku zaleÅ¼noÅ›ci moduÅ‚u rme.dir\Release\add_tileset_window.cpp.module.json: Oczekiwany element â€rootâ€ z przestrzeni nazw â€â€.. Napotkano â€Noneâ€ o nazwie â€â€, przestrzeÅ„ nazw â€â€.  KolejnoÅ›Ä‡ kompilowania moÅ¼e byÄ‡ niepoprawna. [C:\Users\karol\Documents\GitHub\RME_v2\build\rme.vcxproj]
C:\Program Files\Microsoft Visual Studio\2022\Community\MSBuild\Microsoft\VC\v170\Microsoft.CppCommon.targets(532,5): warning MSB8074: Nie moÅ¼na odczytaÄ‡ pliku zaleÅ¼noÅ›ci moduÅ‚u rme.dir\Release\application.cpp.module.json: Oczekiwany element â€rootâ€ z przestrzeni nazw â€â€.. Napotkano â€Noneâ€ o nazwie â€â€, przestrzeÅ„ nazw â€â€.  KolejnoÅ›Ä‡ kompilowania moÅ¼e byÄ‡ niepoprawna. [C:\Users\karol\Documents\GitHub\RME_v2\build\rme.vcxproj]
C:\Program Files\Microsoft Visual Studio\2022\Community\MSBuild\Microsoft\VC\v170\Microsoft.CppCommon.targets(532,5): warning MSB8074: Nie moÅ¼na odczytaÄ‡ pliku zaleÅ¼noÅ›ci moduÅ‚u rme.dir\Release\brush.cpp.module.json: Oczekiwany element â€rootâ€ z przestrzeni nazw â€â€.. Napotkano â€Noneâ€ o nazwie â€â€, przestrzeÅ„ nazw â€â€.  KolejnoÅ›Ä‡ kompilowania moÅ¼e byÄ‡ niepoprawna. [C:\Users\karol\Documents\GitHub\RME_v2\build\rme.vcxproj]
C:\Program Files\Microsoft Visual Studio\2022\Community\MSBuild\Microsoft\VC\v170\Microsoft.CppCommon.targets(532,5): warning MSB8074: Nie moÅ¼na odczytaÄ‡ pliku zaleÅ¼noÅ›ci moduÅ‚u rme.dir\Release\browse_tile_window.cpp.module.json: Oczekiwany element â€rootâ€ z przestrzeni nazw â€â€.. Napotkano â€Noneâ€ o nazwie â€â€, przestrzeÅ„ nazw â€â€.  KolejnoÅ›Ä‡ kompilowania moÅ¼e byÄ‡ niepoprawna. [C:\Users\karol\Documents\GitHub\RME_v2\build\rme.vcxproj]
C:\Program Files\Microsoft Visual Studio\2022\Community\MSBuild\Microsoft\VC\v170\Microsoft.CppCommon.targets(532,5): warning MSB8074: Nie moÅ¼na odczytaÄ‡ pliku zaleÅ¼noÅ›ci moduÅ‚u rme.dir\Release\client_version.cpp.module.json: Oczekiwany element â€rootâ€ z przestrzeni nazw â€â€.. Napotkano â€Noneâ€ o nazwie â€â€, przestrzeÅ„ nazw â€â€.  KolejnoÅ›Ä‡ kompilowania moÅ¼e byÄ‡ niepoprawna. [C:\Users\karol\Documents\GitHub\RME_v2\build\rme.vcxproj]
C:\Program Files\Microsoft Visual Studio\2022\Community\MSBuild\Microsoft\VC\v170\Microsoft.CppCommon.targets(532,5): warning MSB8074: Nie moÅ¼na odczytaÄ‡ pliku zaleÅ¼noÅ›ci moduÅ‚u rme.dir\Release\common_windows.cpp.module.json: Oczekiwany element â€rootâ€ z przestrzeni nazw â€â€.. Napotkano â€Noneâ€ o nazwie â€â€, przestrzeÅ„ nazw â€â€.  KolejnoÅ›Ä‡ kompilowania moÅ¼e byÄ‡ niepoprawna. [C:\Users\karol\Documents\GitHub\RME_v2\build\rme.vcxproj]
C:\Program Files\Microsoft Visual Studio\2022\Community\MSBuild\Microsoft\VC\v170\Microsoft.CppCommon.targets(532,5): warning MSB8074: Nie moÅ¼na odczytaÄ‡ pliku zaleÅ¼noÅ›ci moduÅ‚u rme.dir\Release\container_properties_window.cpp.module.json: Oczekiwany element â€rootâ€ z przestrzeni nazw â€â€.. Napotkano â€Noneâ€ o nazwie â€â€, przestrzeÅ„ nazw â€â€.  KolejnoÅ›Ä‡ kompilowania moÅ¼e byÄ‡ niepoprawna. [C:\Users\karol\Documents\GitHub\RME_v2\build\rme.vcxproj]
  Trwa kompilowanieâ€¦
  brush_tables.cpp
  client_version.cpp
  artprovider.cpp
  application.cpp
  common.cpp
  add_tileset_window.cpp
  positionctrl.cpp
  complexitem.cpp
  brush.cpp
  common_windows.cpp
  basemap.cpp
  action.cpp
  browse_tile_window.cpp
  about_window.cpp
  carpet_brush.cpp
  add_item_window.cpp
C:\Users\karol\Documents\GitHub\RME_v2\source\rendering\graphics.h(293,15): error C2039: â€SpriteLoaderâ€: nie jest skÅ‚adowÄ… elementu â€rme::renderâ€ [C:\Users\karol\Documents\GitHub\RME_v2\build\rme.vcxproj]
  (kompilowanie pliku ÅºrÃ³dÅ‚owego â€../source/about_window.cppâ€)
      C:\Users\karol\Documents\GitHub\RME_v2\source\rendering\texture\texture_cache.h(29,12):
      zobacz deklaracjÄ™ â€rme::renderâ€
  
C:\Users\karol\Documents\GitHub\RME_v2\source\rendering\graphics.h(293,27): error C2143: bÅ‚Ä…d skÅ‚adniowy: brakuje â€;â€ przed â€&â€ [C:\Users\karol\Documents\GitHub\RME_v2\build\rme.vcxproj]
  (kompilowanie pliku ÅºrÃ³dÅ‚owego â€../source/about_window.cppâ€)
  
C:\Users\karol\Documents\GitHub\RME_v2\source\rendering\graphics.h(293,15): error C4430: brak specyfikatora typu - zaÅ‚oÅ¼ono, Å¼e int. Uwaga: C++ nie obsÅ‚uguje domyÅ›lnie typu int [C:\Users\karol\Documents\GitHub\RME_v2\build\rme.vcxproj]
  (kompilowanie pliku ÅºrÃ³dÅ‚owego â€../source/about_window.cppâ€)
  
C:\Users\karol\Documents\GitHub\RME_v2\source\rendering\graphics.h(293,47): error C2334: nieoczekiwany(e) token(y) poprzedzajÄ…ce "{"; pomijanie treÅ›ci widocznych funkcji [C:\Users\karol\Documents\GitHub\RME_v2\build\rme.vcxproj]
  (kompilowanie pliku ÅºrÃ³dÅ‚owego â€../source/about_window.cppâ€)
  
C:\Users\karol\Documents\GitHub\RME_v2\source\rendering\graphics.h(314,31): error C2039: â€SpriteLoaderâ€: nie jest skÅ‚adowÄ… elementu â€rme::renderâ€ [C:\Users\karol\Documents\GitHub\RME_v2\build\rme.vcxproj]
  (kompilowanie pliku ÅºrÃ³dÅ‚owego â€../source/about_window.cppâ€)
      C:\Users\karol\Documents\GitHub\RME_v2\source\rendering\texture\texture_cache.h(29,12):
      zobacz deklaracjÄ™ â€rme::renderâ€
  
C:\Users\karol\Documents\GitHub\RME_v2\source\rendering\graphics.h(314,31): error C2065: "SpriteLoader": niezadeklarowany identyfikator [C:\Users\karol\Documents\GitHub\RME_v2\build\rme.vcxproj]
  (kompilowanie pliku ÅºrÃ³dÅ‚owego â€../source/about_window.cppâ€)
  
C:\Users\karol\Documents\GitHub\RME_v2\source\rendering\graphics.h(314,7): error C2923: â€std::unique_ptrâ€: â€SpriteLoaderâ€ nie jest prawidÅ‚owym argumentem typu szablon dla parametru â€_Tyâ€ [C:\Users\karol\Documents\GitHub\RME_v2\build\rme.vcxproj]
  (kompilowanie pliku ÅºrÃ³dÅ‚owego â€../source/about_window.cppâ€)
      C:\Users\karol\Documents\GitHub\RME_v2\source\rendering\graphics.h(314,31):
      zobacz deklaracjÄ™ â€SpriteLoaderâ€
  
C:\Users\karol\Documents\GitHub\RME_v2\source\rendering\graphics.h(314,7): error C2976: â€std::unique_ptrâ€: za maÅ‚o argumentÃ³w szablon [C:\Users\karol\Documents\GitHub\RME_v2\build\rme.vcxproj]
  (kompilowanie pliku ÅºrÃ³dÅ‚owego â€../source/about_window.cppâ€)
      C:\Program Files\Microsoft Visual Studio\2022\Community\VC\Tools\MSVC\14.44.35207\include\memory(3347,7):
      zobacz deklaracjÄ™ â€std::unique_ptrâ€
  
C:\Users\karol\Documents\GitHub\RME_v2\source\rendering\graphics.h(314,45): error C2955: â€std::unique_ptrâ€: uÅ¼ycie klasy klasa szablon wymaga listy argumentÃ³w szablon [C:\Users\karol\Documents\GitHub\RME_v2\build\rme.vcxproj]
  (kompilowanie pliku ÅºrÃ³dÅ‚owego â€../source/about_window.cppâ€)
      C:\Program Files\Microsoft Visual Studio\2022\Community\VC\Tools\MSVC\14.44.35207\include\memory(3347,7):
      zobacz deklaracjÄ™ â€std::unique_ptrâ€
  
C:\Users\karol\Documents\GitHub\RME_v2\source\rendering\graphics.h(333,28): error C2039: â€SpriteLoaderâ€: nie jest skÅ‚adowÄ… elementu â€rme::renderâ€ [C:\Users\karol\Documents\GitHub\RME_v2\build\rme.vcxproj]
  (kompilowanie pliku ÅºrÃ³dÅ‚owego â€../source/about_window.cppâ€)
      C:\Users\karol\Documents\GitHub\RME_v2\source\rendering\texture\texture_cache.h(29,12):
      zobacz deklaracjÄ™ â€rme::renderâ€
  
C:\Users\karol\Documents\GitHub\RME_v2\source\rendering\graphics.h(281,11): error C2065: "animation_timer": niezadeklarowany identyfikator [C:\Users\karol\Documents\GitHub\RME_v2\build\rme.vcxproj]
  (kompilowanie pliku ÅºrÃ³dÅ‚owego â€../source/about_window.cppâ€)
  
C:\Users\karol\Documents\GitHub\RME_v2\source\rendering\renderers\renderer_base.h(49,10): warning C4099: "rme::render::RenderContext": nazwa typu najpierw widoczna przy uÅ¼yciu "class" teraz widoczna przy uÅ¼yciu "struct" [C:\Users\karol\Documents\GitHub\RME_v2\build\rme.vcxproj]
  (kompilowanie pliku ÅºrÃ³dÅ‚owego â€../source/about_window.cppâ€)
      C:\Users\karol\Documents\GitHub\RME_v2\source\rendering\renderers\renderer_base.h(49,10):
      zobacz deklaracjÄ™ â€rme::render::RenderContextâ€
  
C:\Users\karol\Documents\GitHub\RME_v2\source\rendering\canvas\map_canvas.h(23,10): error C1083: Nie moÅ¼na otworzyÄ‡ pliku doÅ‚Ä…cz: 'render_state.h': No such file or directory [C:\Users\karol\Documents\GitHub\RME_v2\build\rme.vcxproj]
  (kompilowanie pliku ÅºrÃ³dÅ‚owego â€../source/about_window.cppâ€)
  
C:\Users\karol\Documents\GitHub\RME_v2\source\rendering\graphics.h(293,15): error C2039: â€SpriteLoaderâ€: nie jest skÅ‚adowÄ… elementu â€rme::renderâ€ [C:\Users\karol\Documents\GitHub\RME_v2\build\rme.vcxproj]
  (kompilowanie pliku ÅºrÃ³dÅ‚owego â€../source/add_tileset_window.cppâ€)
      C:\Users\karol\Documents\GitHub\RME_v2\source\rendering\texture\texture_cache.h(29,12):
      zobacz deklaracjÄ™ â€rme::renderâ€
  
C:\Users\karol\Documents\GitHub\RME_v2\source\rendering\graphics.h(293,27): error C2143: bÅ‚Ä…d skÅ‚adniowy: brakuje â€;â€ przed â€&â€ [C:\Users\karol\Documents\GitHub\RME_v2\build\rme.vcxproj]
  (kompilowanie pliku ÅºrÃ³dÅ‚owego â€../source/add_tileset_window.cppâ€)
  
C:\Users\karol\Documents\GitHub\RME_v2\source\rendering\graphics.h(293,15): error C4430: brak specyfikatora typu - zaÅ‚oÅ¼ono, Å¼e int. Uwaga: C++ nie obsÅ‚uguje domyÅ›lnie typu int [C:\Users\karol\Documents\GitHub\RME_v2\build\rme.vcxproj]
  (kompilowanie pliku ÅºrÃ³dÅ‚owego â€../source/add_tileset_window.cppâ€)
  
C:\Users\karol\Documents\GitHub\RME_v2\source\rendering\graphics.h(293,47): error C2334: nieoczekiwany(e) token(y) poprzedzajÄ…ce "{"; pomijanie treÅ›ci widocznych funkcji [C:\Users\karol\Documents\GitHub\RME_v2\build\rme.vcxproj]
  (kompilowanie pliku ÅºrÃ³dÅ‚owego â€../source/add_tileset_window.cppâ€)
  
C:\Users\karol\Documents\GitHub\RME_v2\source\rendering\graphics.h(314,31): error C2039: â€SpriteLoaderâ€: nie jest skÅ‚adowÄ… elementu â€rme::renderâ€ [C:\Users\karol\Documents\GitHub\RME_v2\build\rme.vcxproj]
  (kompilowanie pliku ÅºrÃ³dÅ‚owego â€../source/add_tileset_window.cppâ€)
      C:\Users\karol\Documents\GitHub\RME_v2\source\rendering\texture\texture_cache.h(29,12):
      zobacz deklaracjÄ™ â€rme::renderâ€
  
C:\Users\karol\Documents\GitHub\RME_v2\source\rendering\graphics.h(314,31): error C2065: "SpriteLoader": niezadeklarowany identyfikator [C:\Users\karol\Documents\GitHub\RME_v2\build\rme.vcxproj]
  (kompilowanie pliku ÅºrÃ³dÅ‚owego â€../source/add_tileset_window.cppâ€)
  
C:\Users\karol\Documents\GitHub\RME_v2\source\rendering\graphics.h(314,7): error C2923: â€std::unique_ptrâ€: â€SpriteLoaderâ€ nie jest prawidÅ‚owym argumentem typu szablon dla parametru â€_Tyâ€ [C:\Users\karol\Documents\GitHub\RME_v2\build\rme.vcxproj]
  (kompilowanie pliku ÅºrÃ³dÅ‚owego â€../source/add_tileset_window.cppâ€)
      C:\Users\karol\Documents\GitHub\RME_v2\source\rendering\graphics.h(314,31):
      zobacz deklaracjÄ™ â€SpriteLoaderâ€
  
C:\Users\karol\Documents\GitHub\RME_v2\source\rendering\graphics.h(314,7): error C2976: â€std::unique_ptrâ€: za maÅ‚o argumentÃ³w szablon [C:\Users\karol\Documents\GitHub\RME_v2\build\rme.vcxproj]
  (kompilowanie pliku ÅºrÃ³dÅ‚owego â€../source/add_tileset_window.cppâ€)
      C:\Program Files\Microsoft Visual Studio\2022\Community\VC\Tools\MSVC\14.44.35207\include\memory(3347,7):
      zobacz deklaracjÄ™ â€std::unique_ptrâ€
  
C:\Users\karol\Documents\GitHub\RME_v2\source\rendering\graphics.h(314,45): error C2955: â€std::unique_ptrâ€: uÅ¼ycie klasy klasa szablon wymaga listy argumentÃ³w szablon [C:\Users\karol\Documents\GitHub\RME_v2\build\rme.vcxproj]
  (kompilowanie pliku ÅºrÃ³dÅ‚owego â€../source/add_tileset_window.cppâ€)
      C:\Program Files\Microsoft Visual Studio\2022\Community\VC\Tools\MSVC\14.44.35207\include\memory(3347,7):
      zobacz deklaracjÄ™ â€std::unique_ptrâ€
  
C:\Users\karol\Documents\GitHub\RME_v2\source\rendering\graphics.h(333,28): error C2039: â€SpriteLoaderâ€: nie jest skÅ‚adowÄ… elementu â€rme::renderâ€ [C:\Users\karol\Documents\GitHub\RME_v2\build\rme.vcxproj]
  (kompilowanie pliku ÅºrÃ³dÅ‚owego â€../source/add_tileset_window.cppâ€)
      C:\Users\karol\Documents\GitHub\RME_v2\source\rendering\texture\texture_cache.h(29,12):
      zobacz deklaracjÄ™ â€rme::renderâ€
  
C:\Users\karol\Documents\GitHub\RME_v2\source\rendering\graphics.h(281,11): error C2065: "animation_timer": niezadeklarowany identyfikator [C:\Users\karol\Documents\GitHub\RME_v2\build\rme.vcxproj]
  (kompilowanie pliku ÅºrÃ³dÅ‚owego â€../source/add_tileset_window.cppâ€)
  
C:\Users\karol\Documents\GitHub\RME_v2\source\rendering\renderers\renderer_base.h(49,10): warning C4099: "rme::render::RenderContext": nazwa typu najpierw widoczna przy uÅ¼yciu "class" teraz widoczna przy uÅ¼yciu "struct" [C:\Users\karol\Documents\GitHub\RME_v2\build\rme.vcxproj]
  (kompilowanie pliku ÅºrÃ³dÅ‚owego â€../source/add_tileset_window.cppâ€)
      C:\Users\karol\Documents\GitHub\RME_v2\source\rendering\renderers\renderer_base.h(49,10):
      zobacz deklaracjÄ™ â€rme::render::RenderContextâ€
  
C:\Users\karol\Documents\GitHub\RME_v2\source\rendering\canvas\map_canvas.h(23,10): error C1083: Nie moÅ¼na otworzyÄ‡ pliku doÅ‚Ä…cz: 'render_state.h': No such file or directory [C:\Users\karol\Documents\GitHub\RME_v2\build\rme.vcxproj]
  (kompilowanie pliku ÅºrÃ³dÅ‚owego â€../source/add_tileset_window.cppâ€)
  
C:\Users\karol\Documents\GitHub\RME_v2\source\rendering\graphics.h(293,15): error C2039: â€SpriteLoaderâ€: nie jest skÅ‚adowÄ… elementu â€rme::renderâ€ [C:\Users\karol\Documents\GitHub\RME_v2\build\rme.vcxproj]
  (kompilowanie pliku ÅºrÃ³dÅ‚owego â€../source/browse_tile_window.cppâ€)
      C:\Users\karol\Documents\GitHub\RME_v2\source\rendering\texture\texture_cache.h(29,12):
      zobacz deklaracjÄ™ â€rme::renderâ€
  
C:\Users\karol\Documents\GitHub\RME_v2\source\rendering\graphics.h(293,27): error C2143: bÅ‚Ä…d skÅ‚adniowy: brakuje â€;â€ przed â€&â€ [C:\Users\karol\Documents\GitHub\RME_v2\build\rme.vcxproj]
  (kompilowanie pliku ÅºrÃ³dÅ‚owego â€../source/browse_tile_window.cppâ€)
  
C:\Users\karol\Documents\GitHub\RME_v2\source\rendering\graphics.h(293,15): error C4430: brak specyfikatora typu - zaÅ‚oÅ¼ono, Å¼e int. Uwaga: C++ nie obsÅ‚uguje domyÅ›lnie typu int [C:\Users\karol\Documents\GitHub\RME_v2\build\rme.vcxproj]
  (kompilowanie pliku ÅºrÃ³dÅ‚owego â€../source/browse_tile_window.cppâ€)
  
C:\Users\karol\Documents\GitHub\RME_v2\source\rendering\graphics.h(293,47): error C2334: nieoczekiwany(e) token(y) poprzedzajÄ…ce "{"; pomijanie treÅ›ci widocznych funkcji [C:\Users\karol\Documents\GitHub\RME_v2\build\rme.vcxproj]
  (kompilowanie pliku ÅºrÃ³dÅ‚owego â€../source/browse_tile_window.cppâ€)
  
C:\Users\karol\Documents\GitHub\RME_v2\source\rendering\graphics.h(314,31): error C2039: â€SpriteLoaderâ€: nie jest skÅ‚adowÄ… elementu â€rme::renderâ€ [C:\Users\karol\Documents\GitHub\RME_v2\build\rme.vcxproj]
  (kompilowanie pliku ÅºrÃ³dÅ‚owego â€../source/browse_tile_window.cppâ€)
      C:\Users\karol\Documents\GitHub\RME_v2\source\rendering\texture\texture_cache.h(29,12):
      zobacz deklaracjÄ™ â€rme::renderâ€
  
C:\Users\karol\Documents\GitHub\RME_v2\source\rendering\graphics.h(314,31): error C2065: "SpriteLoader": niezadeklarowany identyfikator [C:\Users\karol\Documents\GitHub\RME_v2\build\rme.vcxproj]
  (kompilowanie pliku ÅºrÃ³dÅ‚owego â€../source/browse_tile_window.cppâ€)
  
C:\Users\karol\Documents\GitHub\RME_v2\source\rendering\graphics.h(314,7): error C2923: â€std::unique_ptrâ€: â€SpriteLoaderâ€ nie jest prawidÅ‚owym argumentem typu szablon dla parametru â€_Tyâ€ [C:\Users\karol\Documents\GitHub\RME_v2\build\rme.vcxproj]
  (kompilowanie pliku ÅºrÃ³dÅ‚owego â€../source/browse_tile_window.cppâ€)
      C:\Users\karol\Documents\GitHub\RME_v2\source\rendering\graphics.h(314,31):
      zobacz deklaracjÄ™ â€SpriteLoaderâ€
  
C:\Users\karol\Documents\GitHub\RME_v2\source\rendering\graphics.h(314,7): error C2976: â€std::unique_ptrâ€: za maÅ‚o argumentÃ³w szablon [C:\Users\karol\Documents\GitHub\RME_v2\build\rme.vcxproj]
  (kompilowanie pliku ÅºrÃ³dÅ‚owego â€../source/browse_tile_window.cppâ€)
      C:\Program Files\Microsoft Visual Studio\2022\Community\VC\Tools\MSVC\14.44.35207\include\memory(3347,7):
      zobacz deklaracjÄ™ â€std::unique_ptrâ€
  
C:\Users\karol\Documents\GitHub\RME_v2\source\rendering\graphics.h(314,45): error C2955: â€std::unique_ptrâ€: uÅ¼ycie klasy klasa szablon wymaga listy argumentÃ³w szablon [C:\Users\karol\Documents\GitHub\RME_v2\build\rme.vcxproj]
  (kompilowanie pliku ÅºrÃ³dÅ‚owego â€../source/browse_tile_window.cppâ€)
      C:\Program Files\Microsoft Visual Studio\2022\Community\VC\Tools\MSVC\14.44.35207\include\memory(3347,7):
      zobacz deklaracjÄ™ â€std::unique_ptrâ€
  
C:\Users\karol\Documents\GitHub\RME_v2\source\rendering\graphics.h(333,28): error C2039: â€SpriteLoaderâ€: nie jest skÅ‚adowÄ… elementu â€rme::renderâ€ [C:\Users\karol\Documents\GitHub\RME_v2\build\rme.vcxproj]
  (kompilowanie pliku ÅºrÃ³dÅ‚owego â€../source/browse_tile_window.cppâ€)
      C:\Users\karol\Documents\GitHub\RME_v2\source\rendering\texture\texture_cache.h(29,12):
      zobacz deklaracjÄ™ â€rme::renderâ€
  
C:\Users\karol\Documents\GitHub\RME_v2\source\rendering\graphics.h(281,11): error C2065: "animation_timer": niezadeklarowany identyfikator [C:\Users\karol\Documents\GitHub\RME_v2\build\rme.vcxproj]
  (kompilowanie pliku ÅºrÃ³dÅ‚owego â€../source/browse_tile_window.cppâ€)
  
C:\Users\karol\Documents\GitHub\RME_v2\source\rendering\graphics.h(293,15): error C2039: â€SpriteLoaderâ€: nie jest skÅ‚adowÄ… elementu â€rme::renderâ€ [C:\Users\karol\Documents\GitHub\RME_v2\build\rme.vcxproj]
  (kompilowanie pliku ÅºrÃ³dÅ‚owego â€../source/client_version.cppâ€)
      C:\Users\karol\Documents\GitHub\RME_v2\source\rendering\texture\texture_cache.h(29,12):
      zobacz deklaracjÄ™ â€rme::renderâ€
  
C:\Users\karol\Documents\GitHub\RME_v2\source\rendering\graphics.h(293,27): error C2143: bÅ‚Ä…d skÅ‚adniowy: brakuje â€;â€ przed â€&â€ [C:\Users\karol\Documents\GitHub\RME_v2\build\rme.vcxproj]
  (kompilowanie pliku ÅºrÃ³dÅ‚owego â€../source/client_version.cppâ€)
  
C:\Users\karol\Documents\GitHub\RME_v2\source\rendering\graphics.h(293,15): error C4430: brak specyfikatora typu - zaÅ‚oÅ¼ono, Å¼e int. Uwaga: C++ nie obsÅ‚uguje domyÅ›lnie typu int [C:\Users\karol\Documents\GitHub\RME_v2\build\rme.vcxproj]
  (kompilowanie pliku ÅºrÃ³dÅ‚owego â€../source/client_version.cppâ€)
  
C:\Users\karol\Documents\GitHub\RME_v2\source\rendering\graphics.h(293,47): error C2334: nieoczekiwany(e) token(y) poprzedzajÄ…ce "{"; pomijanie treÅ›ci widocznych funkcji [C:\Users\karol\Documents\GitHub\RME_v2\build\rme.vcxproj]
  (kompilowanie pliku ÅºrÃ³dÅ‚owego â€../source/client_version.cppâ€)
  
C:\Users\karol\Documents\GitHub\RME_v2\source\rendering\graphics.h(314,31): error C2039: â€SpriteLoaderâ€: nie jest skÅ‚adowÄ… elementu â€rme::renderâ€ [C:\Users\karol\Documents\GitHub\RME_v2\build\rme.vcxproj]
  (kompilowanie pliku ÅºrÃ³dÅ‚owego â€../source/client_version.cppâ€)
      C:\Users\karol\Documents\GitHub\RME_v2\source\rendering\texture\texture_cache.h(29,12):
      zobacz deklaracjÄ™ â€rme::renderâ€
  
C:\Users\karol\Documents\GitHub\RME_v2\source\rendering\graphics.h(314,31): error C2065: "SpriteLoader": niezadeklarowany identyfikator [C:\Users\karol\Documents\GitHub\RME_v2\build\rme.vcxproj]
  (kompilowanie pliku ÅºrÃ³dÅ‚owego â€../source/client_version.cppâ€)
  
C:\Users\karol\Documents\GitHub\RME_v2\source\rendering\graphics.h(314,7): error C2923: â€std::unique_ptrâ€: â€SpriteLoaderâ€ nie jest prawidÅ‚owym argumentem typu szablon dla parametru â€_Tyâ€ [C:\Users\karol\Documents\GitHub\RME_v2\build\rme.vcxproj]
  (kompilowanie pliku ÅºrÃ³dÅ‚owego â€../source/client_version.cppâ€)
      C:\Users\karol\Documents\GitHub\RME_v2\source\rendering\graphics.h(314,31):
      zobacz deklaracjÄ™ â€SpriteLoaderâ€
  
C:\Users\karol\Documents\GitHub\RME_v2\source\rendering\graphics.h(314,7): error C2976: â€std::unique_ptrâ€: za maÅ‚o argumentÃ³w szablon [C:\Users\karol\Documents\GitHub\RME_v2\build\rme.vcxproj]
  (kompilowanie pliku ÅºrÃ³dÅ‚owego â€../source/client_version.cppâ€)
      C:\Program Files\Microsoft Visual Studio\2022\Community\VC\Tools\MSVC\14.44.35207\include\memory(3347,7):
      zobacz deklaracjÄ™ â€std::unique_ptrâ€
  
C:\Users\karol\Documents\GitHub\RME_v2\source\rendering\graphics.h(314,45): error C2955: â€std::unique_ptrâ€: uÅ¼ycie klasy klasa szablon wymaga listy argumentÃ³w szablon [C:\Users\karol\Documents\GitHub\RME_v2\build\rme.vcxproj]
  (kompilowanie pliku ÅºrÃ³dÅ‚owego â€../source/client_version.cppâ€)
      C:\Program Files\Microsoft Visual Studio\2022\Community\VC\Tools\MSVC\14.44.35207\include\memory(3347,7):
      zobacz deklaracjÄ™ â€std::unique_ptrâ€
  
C:\Users\karol\Documents\GitHub\RME_v2\source\rendering\graphics.h(333,28): error C2039: â€SpriteLoaderâ€: nie jest skÅ‚adowÄ… elementu â€rme::renderâ€ [C:\Users\karol\Documents\GitHub\RME_v2\build\rme.vcxproj]
  (kompilowanie pliku ÅºrÃ³dÅ‚owego â€../source/client_version.cppâ€)
      C:\Users\karol\Documents\GitHub\RME_v2\source\rendering\texture\texture_cache.h(29,12):
      zobacz deklaracjÄ™ â€rme::renderâ€
  
C:\Users\karol\Documents\GitHub\RME_v2\source\rendering\graphics.h(281,11): error C2065: "animation_timer": niezadeklarowany identyfikator [C:\Users\karol\Documents\GitHub\RME_v2\build\rme.vcxproj]
  (kompilowanie pliku ÅºrÃ³dÅ‚owego â€../source/client_version.cppâ€)
  
C:\Users\karol\Documents\GitHub\RME_v2\source\rendering\renderers\renderer_base.h(49,10): warning C4099: "rme::render::RenderContext": nazwa typu najpierw widoczna przy uÅ¼yciu "class" teraz widoczna przy uÅ¼yciu "struct" [C:\Users\karol\Documents\GitHub\RME_v2\build\rme.vcxproj]
  (kompilowanie pliku ÅºrÃ³dÅ‚owego â€../source/browse_tile_window.cppâ€)
      C:\Users\karol\Documents\GitHub\RME_v2\source\rendering\renderers\renderer_base.h(49,10):
      zobacz deklaracjÄ™ â€rme::render::RenderContextâ€
  
C:\Users\karol\Documents\GitHub\RME_v2\source\rendering\renderers\renderer_base.h(49,10): warning C4099: "rme::render::RenderContext": nazwa typu najpierw widoczna przy uÅ¼yciu "class" teraz widoczna przy uÅ¼yciu "struct" [C:\Users\karol\Documents\GitHub\RME_v2\build\rme.vcxproj]
  (kompilowanie pliku ÅºrÃ³dÅ‚owego â€../source/client_version.cppâ€)
      C:\Users\karol\Documents\GitHub\RME_v2\source\rendering\renderers\renderer_base.h(49,10):
      zobacz deklaracjÄ™ â€rme::render::RenderContextâ€
  
C:\Users\karol\Documents\GitHub\RME_v2\source\rendering\canvas\map_canvas.h(23,10): error C1083: Nie moÅ¼na otworzyÄ‡ pliku doÅ‚Ä…cz: 'render_state.h': No such file or directory [C:\Users\karol\Documents\GitHub\RME_v2\build\rme.vcxproj]
  (kompilowanie pliku ÅºrÃ³dÅ‚owego â€../source/browse_tile_window.cppâ€)
  
C:\Users\karol\Documents\GitHub\RME_v2\source\rendering\canvas\map_canvas.h(23,10): error C1083: Nie moÅ¼na otworzyÄ‡ pliku doÅ‚Ä…cz: 'render_state.h': No such file or directory [C:\Users\karol\Documents\GitHub\RME_v2\build\rme.vcxproj]
  (kompilowanie pliku ÅºrÃ³dÅ‚owego â€../source/client_version.cppâ€)
  
C:\Users\karol\Documents\GitHub\RME_v2\source\rendering\graphics.h(293,15): error C2039: â€SpriteLoaderâ€: nie jest skÅ‚adowÄ… elementu â€rme::renderâ€ [C:\Users\karol\Documents\GitHub\RME_v2\build\rme.vcxproj]
  (kompilowanie pliku ÅºrÃ³dÅ‚owego â€../source/application.cppâ€)
      C:\Users\karol\Documents\GitHub\RME_v2\source\rendering\texture\texture_cache.h(29,12):
      zobacz deklaracjÄ™ â€rme::renderâ€
  
C:\Users\karol\Documents\GitHub\RME_v2\source\rendering\graphics.h(293,27): error C2143: bÅ‚Ä…d skÅ‚adniowy: brakuje â€;â€ przed â€&â€ [C:\Users\karol\Documents\GitHub\RME_v2\build\rme.vcxproj]
  (kompilowanie pliku ÅºrÃ³dÅ‚owego â€../source/application.cppâ€)
  
C:\Users\karol\Documents\GitHub\RME_v2\source\rendering\graphics.h(293,15): error C4430: brak specyfikatora typu - zaÅ‚oÅ¼ono, Å¼e int. Uwaga: C++ nie obsÅ‚uguje domyÅ›lnie typu int [C:\Users\karol\Documents\GitHub\RME_v2\build\rme.vcxproj]
  (kompilowanie pliku ÅºrÃ³dÅ‚owego â€../source/application.cppâ€)
  
C:\Users\karol\Documents\GitHub\RME_v2\source\rendering\graphics.h(293,47): error C2334: nieoczekiwany(e) token(y) poprzedzajÄ…ce "{"; pomijanie treÅ›ci widocznych funkcji [C:\Users\karol\Documents\GitHub\RME_v2\build\rme.vcxproj]
  (kompilowanie pliku ÅºrÃ³dÅ‚owego â€../source/application.cppâ€)
  
C:\Users\karol\Documents\GitHub\RME_v2\source\rendering\graphics.h(314,31): error C2039: â€SpriteLoaderâ€: nie jest skÅ‚adowÄ… elementu â€rme::renderâ€ [C:\Users\karol\Documents\GitHub\RME_v2\build\rme.vcxproj]
  (kompilowanie pliku ÅºrÃ³dÅ‚owego â€../source/application.cppâ€)
      C:\Users\karol\Documents\GitHub\RME_v2\source\rendering\texture\texture_cache.h(29,12):
      zobacz deklaracjÄ™ â€rme::renderâ€
  
C:\Users\karol\Documents\GitHub\RME_v2\source\rendering\graphics.h(314,31): error C2065: "SpriteLoader": niezadeklarowany identyfikator [C:\Users\karol\Documents\GitHub\RME_v2\build\rme.vcxproj]
  (kompilowanie pliku ÅºrÃ³dÅ‚owego â€../source/application.cppâ€)
  
C:\Users\karol\Documents\GitHub\RME_v2\source\rendering\graphics.h(314,7): error C2923: â€std::unique_ptrâ€: â€SpriteLoaderâ€ nie jest prawidÅ‚owym argumentem typu szablon dla parametru â€_Tyâ€ [C:\Users\karol\Documents\GitHub\RME_v2\build\rme.vcxproj]
  (kompilowanie pliku ÅºrÃ³dÅ‚owego â€../source/application.cppâ€)
      C:\Users\karol\Documents\GitHub\RME_v2\source\rendering\graphics.h(314,31):
      zobacz deklaracjÄ™ â€SpriteLoaderâ€
  
C:\Users\karol\Documents\GitHub\RME_v2\source\rendering\graphics.h(314,7): error C2976: â€std::unique_ptrâ€: za maÅ‚o argumentÃ³w szablon [C:\Users\karol\Documents\GitHub\RME_v2\build\rme.vcxproj]
  (kompilowanie pliku ÅºrÃ³dÅ‚owego â€../source/application.cppâ€)
      C:\Program Files\Microsoft Visual Studio\2022\Community\VC\Tools\MSVC\14.44.35207\include\memory(3347,7):
      zobacz deklaracjÄ™ â€std::unique_ptrâ€
  
C:\Users\karol\Documents\GitHub\RME_v2\source\rendering\graphics.h(314,45): error C2955: â€std::unique_ptrâ€: uÅ¼ycie klasy klasa szablon wymaga listy argumentÃ³w szablon [C:\Users\karol\Documents\GitHub\RME_v2\build\rme.vcxproj]
  (kompilowanie pliku ÅºrÃ³dÅ‚owego â€../source/application.cppâ€)
      C:\Program Files\Microsoft Visual Studio\2022\Community\VC\Tools\MSVC\14.44.35207\include\memory(3347,7):
      zobacz deklaracjÄ™ â€std::unique_ptrâ€
  
C:\Users\karol\Documents\GitHub\RME_v2\source\rendering\graphics.h(333,28): error C2039: â€SpriteLoaderâ€: nie jest skÅ‚adowÄ… elementu â€rme::renderâ€ [C:\Users\karol\Documents\GitHub\RME_v2\build\rme.vcxproj]
  (kompilowanie pliku ÅºrÃ³dÅ‚owego â€../source/application.cppâ€)
      C:\Users\karol\Documents\GitHub\RME_v2\source\rendering\texture\texture_cache.h(29,12):
      zobacz deklaracjÄ™ â€rme::renderâ€
  
C:\Users\karol\Documents\GitHub\RME_v2\source\rendering\graphics.h(281,11): error C2065: "animation_timer": niezadeklarowany identyfikator [C:\Users\karol\Documents\GitHub\RME_v2\build\rme.vcxproj]
  (kompilowanie pliku ÅºrÃ³dÅ‚owego â€../source/application.cppâ€)
  
C:\Users\karol\Documents\GitHub\RME_v2\source\rendering\renderers\renderer_base.h(49,10): warning C4099: "rme::render::RenderContext": nazwa typu najpierw widoczna przy uÅ¼yciu "class" teraz widoczna przy uÅ¼yciu "struct" [C:\Users\karol\Documents\GitHub\RME_v2\build\rme.vcxproj]
  (kompilowanie pliku ÅºrÃ³dÅ‚owego â€../source/application.cppâ€)
      C:\Users\karol\Documents\GitHub\RME_v2\source\rendering\renderers\renderer_base.h(49,10):
      zobacz deklaracjÄ™ â€rme::render::RenderContextâ€
  
C:\Users\karol\Documents\GitHub\RME_v2\source\rendering\canvas\map_canvas.h(23,10): error C1083: Nie moÅ¼na otworzyÄ‡ pliku doÅ‚Ä…cz: 'render_state.h': No such file or directory [C:\Users\karol\Documents\GitHub\RME_v2\build\rme.vcxproj]
  (kompilowanie pliku ÅºrÃ³dÅ‚owego â€../source/application.cppâ€)
  
C:\Users\karol\Documents\GitHub\RME_v2\source\rendering\graphics.h(293,15): error C2039: â€SpriteLoaderâ€: nie jest skÅ‚adowÄ… elementu â€rme::renderâ€ [C:\Users\karol\Documents\GitHub\RME_v2\build\rme.vcxproj]
  (kompilowanie pliku ÅºrÃ³dÅ‚owego â€../source/action.cppâ€)
      C:\Users\karol\Documents\GitHub\RME_v2\source\rendering\texture\texture_cache.h(29,12):
      zobacz deklaracjÄ™ â€rme::renderâ€
  
C:\Users\karol\Documents\GitHub\RME_v2\source\rendering\graphics.h(293,27): error C2143: bÅ‚Ä…d skÅ‚adniowy: brakuje â€;â€ przed â€&â€ [C:\Users\karol\Documents\GitHub\RME_v2\build\rme.vcxproj]
  (kompilowanie pliku ÅºrÃ³dÅ‚owego â€../source/action.cppâ€)
  
C:\Users\karol\Documents\GitHub\RME_v2\source\rendering\graphics.h(293,15): error C4430: brak specyfikatora typu - zaÅ‚oÅ¼ono, Å¼e int. Uwaga: C++ nie obsÅ‚uguje domyÅ›lnie typu int [C:\Users\karol\Documents\GitHub\RME_v2\build\rme.vcxproj]
  (kompilowanie pliku ÅºrÃ³dÅ‚owego â€../source/action.cppâ€)
  
C:\Users\karol\Documents\GitHub\RME_v2\source\rendering\graphics.h(293,47): error C2334: nieoczekiwany(e) token(y) poprzedzajÄ…ce "{"; pomijanie treÅ›ci widocznych funkcji [C:\Users\karol\Documents\GitHub\RME_v2\build\rme.vcxproj]
  (kompilowanie pliku ÅºrÃ³dÅ‚owego â€../source/action.cppâ€)
  
C:\Users\karol\Documents\GitHub\RME_v2\source\rendering\graphics.h(314,31): error C2039: â€SpriteLoaderâ€: nie jest skÅ‚adowÄ… elementu â€rme::renderâ€ [C:\Users\karol\Documents\GitHub\RME_v2\build\rme.vcxproj]
  (kompilowanie pliku ÅºrÃ³dÅ‚owego â€../source/action.cppâ€)
      C:\Users\karol\Documents\GitHub\RME_v2\source\rendering\texture\texture_cache.h(29,12):
      zobacz deklaracjÄ™ â€rme::renderâ€
  
C:\Users\karol\Documents\GitHub\RME_v2\source\rendering\graphics.h(314,31): error C2065: "SpriteLoader": niezadeklarowany identyfikator [C:\Users\karol\Documents\GitHub\RME_v2\build\rme.vcxproj]
  (kompilowanie pliku ÅºrÃ³dÅ‚owego â€../source/action.cppâ€)
  
C:\Users\karol\Documents\GitHub\RME_v2\source\rendering\graphics.h(314,7): error C2923: â€std::unique_ptrâ€: â€SpriteLoaderâ€ nie jest prawidÅ‚owym argumentem typu szablon dla parametru â€_Tyâ€ [C:\Users\karol\Documents\GitHub\RME_v2\build\rme.vcxproj]
  (kompilowanie pliku ÅºrÃ³dÅ‚owego â€../source/action.cppâ€)
      C:\Users\karol\Documents\GitHub\RME_v2\source\rendering\graphics.h(314,31):
      zobacz deklaracjÄ™ â€SpriteLoaderâ€
  
C:\Users\karol\Documents\GitHub\RME_v2\source\rendering\graphics.h(314,7): error C2976: â€std::unique_ptrâ€: za maÅ‚o argumentÃ³w szablon [C:\Users\karol\Documents\GitHub\RME_v2\build\rme.vcxproj]
  (kompilowanie pliku ÅºrÃ³dÅ‚owego â€../source/action.cppâ€)
      C:\Program Files\Microsoft Visual Studio\2022\Community\VC\Tools\MSVC\14.44.35207\include\memory(3347,7):
      zobacz deklaracjÄ™ â€std::unique_ptrâ€
  
C:\Users\karol\Documents\GitHub\RME_v2\source\rendering\graphics.h(314,45): error C2955: â€std::unique_ptrâ€: uÅ¼ycie klasy klasa szablon wymaga listy argumentÃ³w szablon [C:\Users\karol\Documents\GitHub\RME_v2\build\rme.vcxproj]
  (kompilowanie pliku ÅºrÃ³dÅ‚owego â€../source/action.cppâ€)
      C:\Program Files\Microsoft Visual Studio\2022\Community\VC\Tools\MSVC\14.44.35207\include\memory(3347,7):
      zobacz deklaracjÄ™ â€std::unique_ptrâ€
  
C:\Users\karol\Documents\GitHub\RME_v2\source\rendering\graphics.h(333,28): error C2039: â€SpriteLoaderâ€: nie jest skÅ‚adowÄ… elementu â€rme::renderâ€ [C:\Users\karol\Documents\GitHub\RME_v2\build\rme.vcxproj]
  (kompilowanie pliku ÅºrÃ³dÅ‚owego â€../source/action.cppâ€)
      C:\Users\karol\Documents\GitHub\RME_v2\source\rendering\texture\texture_cache.h(29,12):
      zobacz deklaracjÄ™ â€rme::renderâ€
  
C:\Users\karol\Documents\GitHub\RME_v2\source\rendering\graphics.h(281,11): error C2065: "animation_timer": niezadeklarowany identyfikator [C:\Users\karol\Documents\GitHub\RME_v2\build\rme.vcxproj]
  (kompilowanie pliku ÅºrÃ³dÅ‚owego â€../source/action.cppâ€)
  
C:\Users\karol\Documents\GitHub\RME_v2\source\rendering\graphics.h(293,15): error C2039: â€SpriteLoaderâ€: nie jest skÅ‚adowÄ… elementu â€rme::renderâ€ [C:\Users\karol\Documents\GitHub\RME_v2\build\rme.vcxproj]
  (kompilowanie pliku ÅºrÃ³dÅ‚owego â€../source/add_item_window.cppâ€)
      C:\Users\karol\Documents\GitHub\RME_v2\source\rendering\texture\texture_cache.h(29,12):
      zobacz deklaracjÄ™ â€rme::renderâ€
  
C:\Users\karol\Documents\GitHub\RME_v2\source\rendering\graphics.h(293,27): error C2143: bÅ‚Ä…d skÅ‚adniowy: brakuje â€;â€ przed â€&â€ [C:\Users\karol\Documents\GitHub\RME_v2\build\rme.vcxproj]
  (kompilowanie pliku ÅºrÃ³dÅ‚owego â€../source/add_item_window.cppâ€)
  
C:\Users\karol\Documents\GitHub\RME_v2\source\rendering\graphics.h(293,15): error C4430: brak specyfikatora typu - zaÅ‚oÅ¼ono, Å¼e int. Uwaga: C++ nie obsÅ‚uguje domyÅ›lnie typu int [C:\Users\karol\Documents\GitHub\RME_v2\build\rme.vcxproj]
  (kompilowanie pliku ÅºrÃ³dÅ‚owego â€../source/add_item_window.cppâ€)
  
C:\Users\karol\Documents\GitHub\RME_v2\source\rendering\graphics.h(293,47): error C2334: nieoczekiwany(e) token(y) poprzedzajÄ…ce "{"; pomijanie treÅ›ci widocznych funkcji [C:\Users\karol\Documents\GitHub\RME_v2\build\rme.vcxproj]
  (kompilowanie pliku ÅºrÃ³dÅ‚owego â€../source/add_item_window.cppâ€)
  
C:\Users\karol\Documents\GitHub\RME_v2\source\rendering\graphics.h(314,31): error C2039: â€SpriteLoaderâ€: nie jest skÅ‚adowÄ… elementu â€rme::renderâ€ [C:\Users\karol\Documents\GitHub\RME_v2\build\rme.vcxproj]
  (kompilowanie pliku ÅºrÃ³dÅ‚owego â€../source/add_item_window.cppâ€)
      C:\Users\karol\Documents\GitHub\RME_v2\source\rendering\texture\texture_cache.h(29,12):
      zobacz deklaracjÄ™ â€rme::renderâ€
  
C:\Users\karol\Documents\GitHub\RME_v2\source\rendering\graphics.h(314,31): error C2065: "SpriteLoader": niezadeklarowany identyfikator [C:\Users\karol\Documents\GitHub\RME_v2\build\rme.vcxproj]
  (kompilowanie pliku ÅºrÃ³dÅ‚owego â€../source/add_item_window.cppâ€)
  
C:\Users\karol\Documents\GitHub\RME_v2\source\rendering\graphics.h(314,7): error C2923: â€std::unique_ptrâ€: â€SpriteLoaderâ€ nie jest prawidÅ‚owym argumentem typu szablon dla parametru â€_Tyâ€ [C:\Users\karol\Documents\GitHub\RME_v2\build\rme.vcxproj]
  (kompilowanie pliku ÅºrÃ³dÅ‚owego â€../source/add_item_window.cppâ€)
      C:\Users\karol\Documents\GitHub\RME_v2\source\rendering\graphics.h(314,31):
      zobacz deklaracjÄ™ â€SpriteLoaderâ€
  
C:\Users\karol\Documents\GitHub\RME_v2\source\rendering\graphics.h(314,7): error C2976: â€std::unique_ptrâ€: za maÅ‚o argumentÃ³w szablon [C:\Users\karol\Documents\GitHub\RME_v2\build\rme.vcxproj]
  (kompilowanie pliku ÅºrÃ³dÅ‚owego â€../source/add_item_window.cppâ€)
      C:\Program Files\Microsoft Visual Studio\2022\Community\VC\Tools\MSVC\14.44.35207\include\memory(3347,7):
      zobacz deklaracjÄ™ â€std::unique_ptrâ€
  
C:\Users\karol\Documents\GitHub\RME_v2\source\rendering\graphics.h(314,45): error C2955: â€std::unique_ptrâ€: uÅ¼ycie klasy klasa szablon wymaga listy argumentÃ³w szablon [C:\Users\karol\Documents\GitHub\RME_v2\build\rme.vcxproj]
  (kompilowanie pliku ÅºrÃ³dÅ‚owego â€../source/add_item_window.cppâ€)
      C:\Program Files\Microsoft Visual Studio\2022\Community\VC\Tools\MSVC\14.44.35207\include\memory(3347,7):
      zobacz deklaracjÄ™ â€std::unique_ptrâ€
  
C:\Users\karol\Documents\GitHub\RME_v2\source\rendering\graphics.h(333,28): error C2039: â€SpriteLoaderâ€: nie jest skÅ‚adowÄ… elementu â€rme::renderâ€ [C:\Users\karol\Documents\GitHub\RME_v2\build\rme.vcxproj]
  (kompilowanie pliku ÅºrÃ³dÅ‚owego â€../source/add_item_window.cppâ€)
      C:\Users\karol\Documents\GitHub\RME_v2\source\rendering\texture\texture_cache.h(29,12):
      zobacz deklaracjÄ™ â€rme::renderâ€
  
C:\Users\karol\Documents\GitHub\RME_v2\source\rendering\graphics.h(281,11): error C2065: "animation_timer": niezadeklarowany identyfikator [C:\Users\karol\Documents\GitHub\RME_v2\build\rme.vcxproj]
  (kompilowanie pliku ÅºrÃ³dÅ‚owego â€../source/add_item_window.cppâ€)
  
C:\Users\karol\Documents\GitHub\RME_v2\source\rendering\renderers\renderer_base.h(49,10): warning C4099: "rme::render::RenderContext": nazwa typu najpierw widoczna przy uÅ¼yciu "class" teraz widoczna przy uÅ¼yciu "struct" [C:\Users\karol\Documents\GitHub\RME_v2\build\rme.vcxproj]
  (kompilowanie pliku ÅºrÃ³dÅ‚owego â€../source/action.cppâ€)
      C:\Users\karol\Documents\GitHub\RME_v2\source\rendering\renderers\renderer_base.h(49,10):
      zobacz deklaracjÄ™ â€rme::render::RenderContextâ€
  
C:\Users\karol\Documents\GitHub\RME_v2\source\rendering\renderers\renderer_base.h(49,10): warning C4099: "rme::render::RenderContext": nazwa typu najpierw widoczna przy uÅ¼yciu "class" teraz widoczna przy uÅ¼yciu "struct" [C:\Users\karol\Documents\GitHub\RME_v2\build\rme.vcxproj]
  (kompilowanie pliku ÅºrÃ³dÅ‚owego â€../source/add_item_window.cppâ€)
      C:\Users\karol\Documents\GitHub\RME_v2\source\rendering\renderers\renderer_base.h(49,10):
      zobacz deklaracjÄ™ â€rme::render::RenderContextâ€
  
C:\Users\karol\Documents\GitHub\RME_v2\source\rendering\canvas\map_canvas.h(23,10): error C1083: Nie moÅ¼na otworzyÄ‡ pliku doÅ‚Ä…cz: 'render_state.h': No such file or directory [C:\Users\karol\Documents\GitHub\RME_v2\build\rme.vcxproj]
  (kompilowanie pliku ÅºrÃ³dÅ‚owego â€../source/action.cppâ€)
  
C:\Users\karol\Documents\GitHub\RME_v2\source\rendering\canvas\map_canvas.h(23,10): error C1083: Nie moÅ¼na otworzyÄ‡ pliku doÅ‚Ä…cz: 'render_state.h': No such file or directory [C:\Users\karol\Documents\GitHub\RME_v2\build\rme.vcxproj]
  (kompilowanie pliku ÅºrÃ³dÅ‚owego â€../source/add_item_window.cppâ€)
  
C:\Users\karol\Documents\GitHub\RME_v2\source\rendering\graphics.h(293,15): error C2039: â€SpriteLoaderâ€: nie jest skÅ‚adowÄ… elementu â€rme::renderâ€ [C:\Users\karol\Documents\GitHub\RME_v2\build\rme.vcxproj]
  (kompilowanie pliku ÅºrÃ³dÅ‚owego â€../source/common_windows.cppâ€)
      C:\Users\karol\Documents\GitHub\RME_v2\source\rendering\texture\texture_cache.h(29,12):
      zobacz deklaracjÄ™ â€rme::renderâ€
  
C:\Users\karol\Documents\GitHub\RME_v2\source\rendering\graphics.h(293,27): error C2143: bÅ‚Ä…d skÅ‚adniowy: brakuje â€;â€ przed â€&â€ [C:\Users\karol\Documents\GitHub\RME_v2\build\rme.vcxproj]
  (kompilowanie pliku ÅºrÃ³dÅ‚owego â€../source/common_windows.cppâ€)
  
C:\Users\karol\Documents\GitHub\RME_v2\source\rendering\graphics.h(293,15): error C4430: brak specyfikatora typu - zaÅ‚oÅ¼ono, Å¼e int. Uwaga: C++ nie obsÅ‚uguje domyÅ›lnie typu int [C:\Users\karol\Documents\GitHub\RME_v2\build\rme.vcxproj]
  (kompilowanie pliku ÅºrÃ³dÅ‚owego â€../source/common_windows.cppâ€)
  
C:\Users\karol\Documents\GitHub\RME_v2\source\rendering\graphics.h(293,47): error C2334: nieoczekiwany(e) token(y) poprzedzajÄ…ce "{"; pomijanie treÅ›ci widocznych funkcji [C:\Users\karol\Documents\GitHub\RME_v2\build\rme.vcxproj]
  (kompilowanie pliku ÅºrÃ³dÅ‚owego â€../source/common_windows.cppâ€)
  
C:\Users\karol\Documents\GitHub\RME_v2\source\rendering\graphics.h(314,31): error C2039: â€SpriteLoaderâ€: nie jest skÅ‚adowÄ… elementu â€rme::renderâ€ [C:\Users\karol\Documents\GitHub\RME_v2\build\rme.vcxproj]
  (kompilowanie pliku ÅºrÃ³dÅ‚owego â€../source/common_windows.cppâ€)
      C:\Users\karol\Documents\GitHub\RME_v2\source\rendering\texture\texture_cache.h(29,12):
      zobacz deklaracjÄ™ â€rme::renderâ€
  
C:\Users\karol\Documents\GitHub\RME_v2\source\rendering\graphics.h(314,31): error C2065: "SpriteLoader": niezadeklarowany identyfikator [C:\Users\karol\Documents\GitHub\RME_v2\build\rme.vcxproj]
  (kompilowanie pliku ÅºrÃ³dÅ‚owego â€../source/common_windows.cppâ€)
  
C:\Users\karol\Documents\GitHub\RME_v2\source\rendering\graphics.h(314,7): error C2923: â€std::unique_ptrâ€: â€SpriteLoaderâ€ nie jest prawidÅ‚owym argumentem typu szablon dla parametru â€_Tyâ€ [C:\Users\karol\Documents\GitHub\RME_v2\build\rme.vcxproj]
  (kompilowanie pliku ÅºrÃ³dÅ‚owego â€../source/common_windows.cppâ€)
      C:\Users\karol\Documents\GitHub\RME_v2\source\rendering\graphics.h(314,31):
      zobacz deklaracjÄ™ â€SpriteLoaderâ€
  
C:\Users\karol\Documents\GitHub\RME_v2\source\rendering\graphics.h(314,7): error C2976: â€std::unique_ptrâ€: za maÅ‚o argumentÃ³w szablon [C:\Users\karol\Documents\GitHub\RME_v2\build\rme.vcxproj]
  (kompilowanie pliku ÅºrÃ³dÅ‚owego â€../source/common_windows.cppâ€)
      C:\Program Files\Microsoft Visual Studio\2022\Community\VC\Tools\MSVC\14.44.35207\include\memory(3347,7):
      zobacz deklaracjÄ™ â€std::unique_ptrâ€
  
C:\Users\karol\Documents\GitHub\RME_v2\source\rendering\graphics.h(314,45): error C2955: â€std::unique_ptrâ€: uÅ¼ycie klasy klasa szablon wymaga listy argumentÃ³w szablon [C:\Users\karol\Documents\GitHub\RME_v2\build\rme.vcxproj]
  (kompilowanie pliku ÅºrÃ³dÅ‚owego â€../source/common_windows.cppâ€)
      C:\Program Files\Microsoft Visual Studio\2022\Community\VC\Tools\MSVC\14.44.35207\include\memory(3347,7):
      zobacz deklaracjÄ™ â€std::unique_ptrâ€
  
C:\Users\karol\Documents\GitHub\RME_v2\source\rendering\graphics.h(333,28): error C2039: â€SpriteLoaderâ€: nie jest skÅ‚adowÄ… elementu â€rme::renderâ€ [C:\Users\karol\Documents\GitHub\RME_v2\build\rme.vcxproj]
  (kompilowanie pliku ÅºrÃ³dÅ‚owego â€../source/common_windows.cppâ€)
      C:\Users\karol\Documents\GitHub\RME_v2\source\rendering\texture\texture_cache.h(29,12):
      zobacz deklaracjÄ™ â€rme::renderâ€
  
C:\Users\karol\Documents\GitHub\RME_v2\source\rendering\graphics.h(281,11): error C2065: "animation_timer": niezadeklarowany identyfikator [C:\Users\karol\Documents\GitHub\RME_v2\build\rme.vcxproj]
  (kompilowanie pliku ÅºrÃ³dÅ‚owego â€../source/common_windows.cppâ€)
  
C:\Users\karol\Documents\GitHub\RME_v2\source\rendering\renderers\renderer_base.h(49,10): warning C4099: "rme::render::RenderContext": nazwa typu najpierw widoczna przy uÅ¼yciu "class" teraz widoczna przy uÅ¼yciu "struct" [C:\Users\karol\Documents\GitHub\RME_v2\build\rme.vcxproj]
  (kompilowanie pliku ÅºrÃ³dÅ‚owego â€../source/common_windows.cppâ€)
      C:\Users\karol\Documents\GitHub\RME_v2\source\rendering\renderers\renderer_base.h(49,10):
      zobacz deklaracjÄ™ â€rme::render::RenderContextâ€
  
C:\Users\karol\Documents\GitHub\RME_v2\source\rendering\canvas\map_canvas.h(23,10): error C1083: Nie moÅ¼na otworzyÄ‡ pliku doÅ‚Ä…cz: 'render_state.h': No such file or directory [C:\Users\karol\Documents\GitHub\RME_v2\build\rme.vcxproj]
  (kompilowanie pliku ÅºrÃ³dÅ‚owego â€../source/common_windows.cppâ€)
  
C:\Users\karol\Documents\GitHub\RME_v2\source\rendering\graphics.h(293,15): error C2039: â€SpriteLoaderâ€: nie jest skÅ‚adowÄ… elementu â€rme::renderâ€ [C:\Users\karol\Documents\GitHub\RME_v2\build\rme.vcxproj]
  (kompilowanie pliku ÅºrÃ³dÅ‚owego â€../source/brush.cppâ€)
      C:\Users\karol\Documents\GitHub\RME_v2\source\rendering\texture\texture_cache.h(29,12):
      zobacz deklaracjÄ™ â€rme::renderâ€
  
C:\Users\karol\Documents\GitHub\RME_v2\source\rendering\graphics.h(293,27): error C2143: bÅ‚Ä…d skÅ‚adniowy: brakuje â€;â€ przed â€&â€ [C:\Users\karol\Documents\GitHub\RME_v2\build\rme.vcxproj]
  (kompilowanie pliku ÅºrÃ³dÅ‚owego â€../source/brush.cppâ€)
  
C:\Users\karol\Documents\GitHub\RME_v2\source\rendering\graphics.h(293,15): error C4430: brak specyfikatora typu - zaÅ‚oÅ¼ono, Å¼e int. Uwaga: C++ nie obsÅ‚uguje domyÅ›lnie typu int [C:\Users\karol\Documents\GitHub\RME_v2\build\rme.vcxproj]
  (kompilowanie pliku ÅºrÃ³dÅ‚owego â€../source/brush.cppâ€)
  
C:\Users\karol\Documents\GitHub\RME_v2\source\rendering\graphics.h(293,47): error C2334: nieoczekiwany(e) token(y) poprzedzajÄ…ce "{"; pomijanie treÅ›ci widocznych funkcji [C:\Users\karol\Documents\GitHub\RME_v2\build\rme.vcxproj]
  (kompilowanie pliku ÅºrÃ³dÅ‚owego â€../source/brush.cppâ€)
  
C:\Users\karol\Documents\GitHub\RME_v2\source\rendering\graphics.h(314,31): error C2039: â€SpriteLoaderâ€: nie jest skÅ‚adowÄ… elementu â€rme::renderâ€ [C:\Users\karol\Documents\GitHub\RME_v2\build\rme.vcxproj]
  (kompilowanie pliku ÅºrÃ³dÅ‚owego â€../source/brush.cppâ€)
      C:\Users\karol\Documents\GitHub\RME_v2\source\rendering\texture\texture_cache.h(29,12):
      zobacz deklaracjÄ™ â€rme::renderâ€
  
C:\Users\karol\Documents\GitHub\RME_v2\source\rendering\graphics.h(314,31): error C2065: "SpriteLoader": niezadeklarowany identyfikator [C:\Users\karol\Documents\GitHub\RME_v2\build\rme.vcxproj]
  (kompilowanie pliku ÅºrÃ³dÅ‚owego â€../source/brush.cppâ€)
  
C:\Users\karol\Documents\GitHub\RME_v2\source\rendering\graphics.h(314,7): error C2923: â€std::unique_ptrâ€: â€SpriteLoaderâ€ nie jest prawidÅ‚owym argumentem typu szablon dla parametru â€_Tyâ€ [C:\Users\karol\Documents\GitHub\RME_v2\build\rme.vcxproj]
  (kompilowanie pliku ÅºrÃ³dÅ‚owego â€../source/brush.cppâ€)
      C:\Users\karol\Documents\GitHub\RME_v2\source\rendering\graphics.h(314,31):
      zobacz deklaracjÄ™ â€SpriteLoaderâ€
  
C:\Users\karol\Documents\GitHub\RME_v2\source\rendering\graphics.h(314,7): error C2976: â€std::unique_ptrâ€: za maÅ‚o argumentÃ³w szablon [C:\Users\karol\Documents\GitHub\RME_v2\build\rme.vcxproj]
  (kompilowanie pliku ÅºrÃ³dÅ‚owego â€../source/brush.cppâ€)
      C:\Program Files\Microsoft Visual Studio\2022\Community\VC\Tools\MSVC\14.44.35207\include\memory(3347,7):
      zobacz deklaracjÄ™ â€std::unique_ptrâ€
  
C:\Users\karol\Documents\GitHub\RME_v2\source\rendering\graphics.h(314,45): error C2955: â€std::unique_ptrâ€: uÅ¼ycie klasy klasa szablon wymaga listy argumentÃ³w szablon [C:\Users\karol\Documents\GitHub\RME_v2\build\rme.vcxproj]
  (kompilowanie pliku ÅºrÃ³dÅ‚owego â€../source/brush.cppâ€)
      C:\Program Files\Microsoft Visual Studio\2022\Community\VC\Tools\MSVC\14.44.35207\include\memory(3347,7):
      zobacz deklaracjÄ™ â€std::unique_ptrâ€
  
C:\Users\karol\Documents\GitHub\RME_v2\source\rendering\graphics.h(333,28): error C2039: â€SpriteLoaderâ€: nie jest skÅ‚adowÄ… elementu â€rme::renderâ€ [C:\Users\karol\Documents\GitHub\RME_v2\build\rme.vcxproj]
  (kompilowanie pliku ÅºrÃ³dÅ‚owego â€../source/brush.cppâ€)
      C:\Users\karol\Documents\GitHub\RME_v2\source\rendering\texture\texture_cache.h(29,12):
      zobacz deklaracjÄ™ â€rme::renderâ€
  
C:\Users\karol\Documents\GitHub\RME_v2\source\rendering\graphics.h(281,11): error C2065: "animation_timer": niezadeklarowany identyfikator [C:\Users\karol\Documents\GitHub\RME_v2\build\rme.vcxproj]
  (kompilowanie pliku ÅºrÃ³dÅ‚owego â€../source/brush.cppâ€)
  
C:\Users\karol\Documents\GitHub\RME_v2\source\rendering\renderers\renderer_base.h(49,10): warning C4099: "rme::render::RenderContext": nazwa typu najpierw widoczna przy uÅ¼yciu "class" teraz widoczna przy uÅ¼yciu "struct" [C:\Users\karol\Documents\GitHub\RME_v2\build\rme.vcxproj]
  (kompilowanie pliku ÅºrÃ³dÅ‚owego â€../source/brush.cppâ€)
      C:\Users\karol\Documents\GitHub\RME_v2\source\rendering\renderers\renderer_base.h(49,10):
      zobacz deklaracjÄ™ â€rme::render::RenderContextâ€
  
C:\Users\karol\Documents\GitHub\RME_v2\source\rendering\canvas\map_canvas.h(23,10): error C1083: Nie moÅ¼na otworzyÄ‡ pliku doÅ‚Ä…cz: 'render_state.h': No such file or directory [C:\Users\karol\Documents\GitHub\RME_v2\build\rme.vcxproj]
  (kompilowanie pliku ÅºrÃ³dÅ‚owego â€../source/brush.cppâ€)
  
ERROR: Build failed 
